  FindTaxi.cpp
e:\seafile\database\src\findtaxi.cpp : warning C4819: 该文件包含不能在当前代码页(936)中表示的字符。请将该文件保存为 Unicode 格式以防止数据丢失
d:\workspace\database\suitesparse-metis-for-windows-master\metis\include\metis.h(111): warning C4005: “INT32_MIN”: 宏重定义
  c:\program files (x86)\microsoft visual studio\2017\community\vc\tools\msvc\14.15.26726\include\stdint.h(50): note: 参见“INT32_MIN”的前一个定义
d:\workspace\database\suitesparse-metis-for-windows-master\metis\include\metis.h(112): warning C4005: “INT32_MAX”: 宏重定义
  c:\program files (x86)\microsoft visual studio\2017\community\vc\tools\msvc\14.15.26726\include\stdint.h(54): note: 参见“INT32_MAX”的前一个定义
d:\workspace\database\suitesparse-metis-for-windows-master\metis\include\metis.h(113): warning C4005: “INT64_MIN”: 宏重定义
  c:\program files (x86)\microsoft visual studio\2017\community\vc\tools\msvc\14.15.26726\include\stdint.h(51): note: 参见“INT64_MIN”的前一个定义
d:\workspace\database\suitesparse-metis-for-windows-master\metis\include\metis.h(114): warning C4005: “INT64_MAX”: 宏重定义
  c:\program files (x86)\microsoft visual studio\2017\community\vc\tools\msvc\14.15.26726\include\stdint.h(55): note: 参见“INT64_MAX”的前一个定义
e:\seafile\database\src\findtaxi.cpp(77): warning C4996: 'scanf': This function or variable may be unsafe. Consider using scanf_s instead. To disable deprecation, use _CRT_SECURE_NO_WARNINGS. See online help for details.
  c:\program files (x86)\windows kits\10\include\10.0.10240.0\ucrt\stdio.h(1270): note: 参见“scanf”的声明
e:\seafile\database\src\findtaxi.cpp(80): warning C4996: 'scanf': This function or variable may be unsafe. Consider using scanf_s instead. To disable deprecation, use _CRT_SECURE_NO_WARNINGS. See online help for details.
  c:\program files (x86)\windows kits\10\include\10.0.10240.0\ucrt\stdio.h(1270): note: 参见“scanf”的声明
e:\seafile\database\src\findtaxi.cpp(94): warning C4996: 'scanf': This function or variable may be unsafe. Consider using scanf_s instead. To disable deprecation, use _CRT_SECURE_NO_WARNINGS. See online help for details.
  c:\program files (x86)\windows kits\10\include\10.0.10240.0\ucrt\stdio.h(1270): note: 参见“scanf”的声明
e:\seafile\database\src\findtaxi.cpp(93): warning C4101: “j”: 未引用的局部变量
e:\seafile\database\src\findtaxi.cpp(112): warning C4996: 'scanf': This function or variable may be unsafe. Consider using scanf_s instead. To disable deprecation, use _CRT_SECURE_NO_WARNINGS. See online help for details.
  c:\program files (x86)\windows kits\10\include\10.0.10240.0\ucrt\stdio.h(1270): note: 参见“scanf”的声明
e:\seafile\database\src\findtaxi.cpp(115): warning C4996: 'scanf': This function or variable may be unsafe. Consider using scanf_s instead. To disable deprecation, use _CRT_SECURE_NO_WARNINGS. See online help for details.
  c:\program files (x86)\windows kits\10\include\10.0.10240.0\ucrt\stdio.h(1270): note: 参见“scanf”的声明
e:\seafile\database\src\findtaxi.cpp(129): warning C4996: 'scanf': This function or variable may be unsafe. Consider using scanf_s instead. To disable deprecation, use _CRT_SECURE_NO_WARNINGS. See online help for details.
  c:\program files (x86)\windows kits\10\include\10.0.10240.0\ucrt\stdio.h(1270): note: 参见“scanf”的声明
e:\seafile\database\src\findtaxi.cpp(132): warning C4996: 'scanf': This function or variable may be unsafe. Consider using scanf_s instead. To disable deprecation, use _CRT_SECURE_NO_WARNINGS. See online help for details.
  c:\program files (x86)\windows kits\10\include\10.0.10240.0\ucrt\stdio.h(1270): note: 参见“scanf”的声明
e:\seafile\database\src\findtaxi.cpp(146): warning C4996: 'scanf': This function or variable may be unsafe. Consider using scanf_s instead. To disable deprecation, use _CRT_SECURE_NO_WARNINGS. See online help for details.
  c:\program files (x86)\windows kits\10\include\10.0.10240.0\ucrt\stdio.h(1270): note: 参见“scanf”的声明
e:\seafile\database\src\findtaxi.cpp(149): warning C4996: 'scanf': This function or variable may be unsafe. Consider using scanf_s instead. To disable deprecation, use _CRT_SECURE_NO_WARNINGS. See online help for details.
  c:\program files (x86)\windows kits\10\include\10.0.10240.0\ucrt\stdio.h(1270): note: 参见“scanf”的声明
e:\seafile\database\src\findtaxi.cpp(204): warning C4996: 'scanf': This function or variable may be unsafe. Consider using scanf_s instead. To disable deprecation, use _CRT_SECURE_NO_WARNINGS. See online help for details.
  c:\program files (x86)\windows kits\10\include\10.0.10240.0\ucrt\stdio.h(1270): note: 参见“scanf”的声明
e:\seafile\database\src\findtaxi.cpp(246): warning C4477: “printf”: 格式字符串“%d”需要类型“int”的参数，但可变参数 1 拥有了类型“Graph *”
e:\seafile\database\src\findtaxi.cpp(366): warning C4244: “=”: 从“idx_t”转换到“_Ty”，可能丢失数据
          with
          [
              _Ty=int
          ]
e:\seafile\database\src\findtaxi.cpp(392): warning C4018: “<”: 有符号/无符号不匹配
e:\seafile\database\src\findtaxi.cpp(472): warning C4244: “=”: 从“idx_t”转换到“_Ty”，可能丢失数据
          with
          [
              _Ty=int
          ]
e:\seafile\database\src\findtaxi.cpp(515): warning C4018: “<”: 有符号/无符号不匹配
e:\seafile\database\src\findtaxi.cpp(534): warning C4018: “<”: 有符号/无符号不匹配
e:\seafile\database\src\findtaxi.cpp(604): warning C4018: “<”: 有符号/无符号不匹配
e:\seafile\database\src\findtaxi.cpp(610): warning C4018: “<”: 有符号/无符号不匹配
e:\seafile\database\src\findtaxi.cpp(615): warning C4018: “<”: 有符号/无符号不匹配
e:\seafile\database\src\findtaxi.cpp(639): warning C4996: 'scanf': This function or variable may be unsafe. Consider using scanf_s instead. To disable deprecation, use _CRT_SECURE_NO_WARNINGS. See online help for details.
  c:\program files (x86)\windows kits\10\include\10.0.10240.0\ucrt\stdio.h(1270): note: 参见“scanf”的声明
e:\seafile\database\src\findtaxi.cpp(644): warning C4996: 'scanf': This function or variable may be unsafe. Consider using scanf_s instead. To disable deprecation, use _CRT_SECURE_NO_WARNINGS. See online help for details.
  c:\program files (x86)\windows kits\10\include\10.0.10240.0\ucrt\stdio.h(1270): note: 参见“scanf”的声明
e:\seafile\database\src\findtaxi.cpp(996): warning C4819: 该文件包含不能在当前代码页(936)中表示的字符。请将该文件保存为 Unicode 格式以防止数据丢失
e:\seafile\database\src\findtaxi.cpp(747): warning C4996: 'scanf': This function or variable may be unsafe. Consider using scanf_s instead. To disable deprecation, use _CRT_SECURE_NO_WARNINGS. See online help for details.
  c:\program files (x86)\windows kits\10\include\10.0.10240.0\ucrt\stdio.h(1270): note: 参见“scanf”的声明
e:\seafile\database\src\findtaxi.cpp(750): warning C4996: 'scanf': This function or variable may be unsafe. Consider using scanf_s instead. To disable deprecation, use _CRT_SECURE_NO_WARNINGS. See online help for details.
  c:\program files (x86)\windows kits\10\include\10.0.10240.0\ucrt\stdio.h(1270): note: 参见“scanf”的声明
e:\seafile\database\src\findtaxi.cpp(818): warning C4018: “<”: 有符号/无符号不匹配
e:\seafile\database\src\findtaxi.cpp(819): warning C4018: “<”: 有符号/无符号不匹配
e:\seafile\database\src\findtaxi.cpp(820): warning C4018: “<”: 有符号/无符号不匹配
e:\seafile\database\src\findtaxi.cpp(821): warning C4018: “<”: 有符号/无符号不匹配
e:\seafile\database\src\findtaxi.cpp(822): warning C4018: “<”: 有符号/无符号不匹配
e:\seafile\database\src\findtaxi.cpp(844): warning C4996: 'scanf': This function or variable may be unsafe. Consider using scanf_s instead. To disable deprecation, use _CRT_SECURE_NO_WARNINGS. See online help for details.
  c:\program files (x86)\windows kits\10\include\10.0.10240.0\ucrt\stdio.h(1270): note: 参见“scanf”的声明
e:\seafile\database\src\findtaxi.cpp(994): warning C4018: “<”: 有符号/无符号不匹配
e:\seafile\database\src\findtaxi.cpp(1089): warning C4018: “<”: 有符号/无符号不匹配
e:\seafile\database\src\findtaxi.cpp(1090): warning C4018: “<”: 有符号/无符号不匹配
e:\seafile\database\src\findtaxi.cpp(1098): warning C4018: “<”: 有符号/无符号不匹配
e:\seafile\database\src\findtaxi.cpp(1126): warning C4018: “<”: 有符号/无符号不匹配
e:\seafile\database\src\findtaxi.cpp(1086): warning C4101: “j”: 未引用的局部变量
e:\seafile\database\src\findtaxi.cpp(1174): warning C4018: “<”: 有符号/无符号不匹配
e:\seafile\database\src\findtaxi.cpp(1186): warning C4018: “<”: 有符号/无符号不匹配
e:\seafile\database\src\findtaxi.cpp(1246): warning C4018: “<”: 有符号/无符号不匹配
e:\seafile\database\src\findtaxi.cpp(1247): warning C4018: “<”: 有符号/无符号不匹配
e:\seafile\database\src\findtaxi.cpp(1259): warning C4018: “<”: 有符号/无符号不匹配
e:\seafile\database\src\findtaxi.cpp(1281): warning C4018: “<”: 有符号/无符号不匹配
e:\seafile\database\src\findtaxi.cpp(1291): warning C4018: “<”: 有符号/无符号不匹配
e:\seafile\database\src\findtaxi.cpp(1292): warning C4018: “<”: 有符号/无符号不匹配
e:\seafile\database\src\findtaxi.cpp(1304): warning C4018: “<”: 有符号/无符号不匹配
e:\seafile\database\src\findtaxi.cpp(1326): warning C4018: “<”: 有符号/无符号不匹配
e:\seafile\database\src\findtaxi.cpp(1350): warning C4018: “<”: 有符号/无符号不匹配
e:\seafile\database\src\findtaxi.cpp(1351): warning C4018: “<”: 有符号/无符号不匹配
e:\seafile\database\src\findtaxi.cpp(1352): warning C4018: “<”: 有符号/无符号不匹配
e:\seafile\database\src\findtaxi.cpp(1363): warning C4018: “<”: 有符号/无符号不匹配
e:\seafile\database\src\findtaxi.cpp(1384): warning C4018: “<”: 有符号/无符号不匹配
e:\seafile\database\src\findtaxi.cpp(1396): warning C4018: “<”: 有符号/无符号不匹配
e:\seafile\database\src\findtaxi.cpp(1397): warning C4018: “<”: 有符号/无符号不匹配
e:\seafile\database\src\findtaxi.cpp(1412): warning C4018: “<”: 有符号/无符号不匹配
e:\seafile\database\src\findtaxi.cpp(1487): warning C4018: “<”: 有符号/无符号不匹配
e:\seafile\database\src\findtaxi.cpp(1490): warning C4018: “<”: 有符号/无符号不匹配
e:\seafile\database\src\findtaxi.cpp(1528): warning C4018: “<”: 有符号/无符号不匹配
e:\seafile\database\src\findtaxi.cpp(1503): warning C4101: “k”: 未引用的局部变量
e:\seafile\database\src\findtaxi.cpp(1503): warning C4101: “j”: 未引用的局部变量
e:\seafile\database\src\findtaxi.cpp(1732): warning C4244: “return”: 从“double”转换到“int”，可能丢失数据
e:\seafile\database\src\findtaxi.cpp(1743): warning C4996: 'fopen': This function or variable may be unsafe. Consider using fopen_s instead. To disable deprecation, use _CRT_SECURE_NO_WARNINGS. See online help for details.
  c:\program files (x86)\windows kits\10\include\10.0.10240.0\ucrt\stdio.h(205): note: 参见“fopen”的声明
e:\seafile\database\src\findtaxi.cpp(1745): warning C4996: 'fscanf': This function or variable may be unsafe. Consider using fscanf_s instead. To disable deprecation, use _CRT_SECURE_NO_WARNINGS. See online help for details.
  c:\program files (x86)\windows kits\10\include\10.0.10240.0\ucrt\stdio.h(1193): note: 参见“fscanf”的声明
e:\seafile\database\src\findtaxi.cpp(1755): warning C4996: 'fscanf': This function or variable may be unsafe. Consider using fscanf_s instead. To disable deprecation, use _CRT_SECURE_NO_WARNINGS. See online help for details.
  c:\program files (x86)\windows kits\10\include\10.0.10240.0\ucrt\stdio.h(1193): note: 参见“fscanf”的声明
e:\seafile\database\src\findtaxi.cpp(1763): warning C4996: 'fopen': This function or variable may be unsafe. Consider using fopen_s instead. To disable deprecation, use _CRT_SECURE_NO_WARNINGS. See online help for details.
  c:\program files (x86)\windows kits\10\include\10.0.10240.0\ucrt\stdio.h(205): note: 参见“fopen”的声明
e:\seafile\database\src\findtaxi.cpp(1771): warning C4996: 'fscanf': This function or variable may be unsafe. Consider using fscanf_s instead. To disable deprecation, use _CRT_SECURE_NO_WARNINGS. See online help for details.
  c:\program files (x86)\windows kits\10\include\10.0.10240.0\ucrt\stdio.h(1193): note: 参见“fscanf”的声明
e:\seafile\database\src\findtaxi.cpp(1782): warning C4996: 'freopen': This function or variable may be unsafe. Consider using freopen_s instead. To disable deprecation, use _CRT_SECURE_NO_WARNINGS. See online help for details.
  c:\program files (x86)\windows kits\10\include\10.0.10240.0\ucrt\stdio.h(240): note: 参见“freopen”的声明
e:\seafile\database\src\findtaxi.cpp(1784): warning C4996: 'freopen': This function or variable may be unsafe. Consider using freopen_s instead. To disable deprecation, use _CRT_SECURE_NO_WARNINGS. See online help for details.
  c:\program files (x86)\windows kits\10\include\10.0.10240.0\ucrt\stdio.h(240): note: 参见“freopen”的声明
e:\seafile\database\src\findtaxi.cpp(1789): warning C4996: 'freopen': This function or variable may be unsafe. Consider using freopen_s instead. To disable deprecation, use _CRT_SECURE_NO_WARNINGS. See online help for details.
  c:\program files (x86)\windows kits\10\include\10.0.10240.0\ucrt\stdio.h(240): note: 参见“freopen”的声明
e:\seafile\database\src\findtaxi.cpp(1791): warning C4996: 'fopen': This function or variable may be unsafe. Consider using fopen_s instead. To disable deprecation, use _CRT_SECURE_NO_WARNINGS. See online help for details.
  c:\program files (x86)\windows kits\10\include\10.0.10240.0\ucrt\stdio.h(205): note: 参见“fopen”的声明
e:\seafile\database\src\findtaxi.cpp(1799): warning C4996: 'fscanf': This function or variable may be unsafe. Consider using fscanf_s instead. To disable deprecation, use _CRT_SECURE_NO_WARNINGS. See online help for details.
  c:\program files (x86)\windows kits\10\include\10.0.10240.0\ucrt\stdio.h(1193): note: 参见“fscanf”的声明
e:\seafile\database\src\findtaxi.cpp(1804): warning C4996: 'freopen': This function or variable may be unsafe. Consider using freopen_s instead. To disable deprecation, use _CRT_SECURE_NO_WARNINGS. See online help for details.
  c:\program files (x86)\windows kits\10\include\10.0.10240.0\ucrt\stdio.h(240): note: 参见“freopen”的声明
e:\seafile\database\src\findtaxi.cpp(1898): warning C4819: 该文件包含不能在当前代码页(936)中表示的字符。请将该文件保存为 Unicode 格式以防止数据丢失
e:\seafile\database\src\findtaxi.cpp(1844): warning C4018: “<”: 有符号/无符号不匹配
e:\seafile\database\src\findtaxi.cpp(1823): warning C4101: “i”: 未引用的局部变量
e:\seafile\database\src\findtaxi.cpp(1875): warning C4018: “<”: 有符号/无符号不匹配
e:\seafile\database\src\findtaxi.cpp(1890): warning C4018: “<”: 有符号/无符号不匹配
e:\seafile\database\src\findtaxi.cpp(1901): warning C4018: “<”: 有符号/无符号不匹配
e:\seafile\database\src\findtaxi.cpp(1911): warning C4018: “<”: 有符号/无符号不匹配
e:\seafile\database\src\findtaxi.cpp(1916): warning C4018: “<”: 有符号/无符号不匹配
e:\seafile\database\src\findtaxi.cpp(1919): warning C4018: “<”: 有符号/无符号不匹配
e:\seafile\database\src\findtaxi.cpp(1927): warning C4018: “<”: 有符号/无符号不匹配
e:\seafile\database\src\findtaxi.cpp(1941): warning C4018: “<”: 有符号/无符号不匹配
e:\seafile\database\src\findtaxi.cpp(1967): warning C4244: “=”: 从“double”转换到“int”，可能丢失数据
e:\seafile\database\src\findtaxi.cpp(1969): warning C4244: “参数”: 从“double”转换到“_Ty”，可能丢失数据
          with
          [
              _Ty=int
          ]
e:\seafile\database\src\findtaxi.cpp(1979): warning C4018: “<”: 有符号/无符号不匹配
e:\seafile\database\src\findtaxi.cpp(1993): warning C4018: “<”: 有符号/无符号不匹配
e:\seafile\database\src\findtaxi.cpp(2219): warning C4018: “<”: 有符号/无符号不匹配
e:\seafile\database\src\findtaxi.cpp(2222): warning C4018: “<”: 有符号/无符号不匹配
e:\seafile\database\src\findtaxi.cpp(2310): warning C4018: “<”: 有符号/无符号不匹配
e:\seafile\database\src\findtaxi.cpp(2319): warning C4018: “<=”: 有符号/无符号不匹配
e:\seafile\database\src\findtaxi.cpp(2292): warning C4996: 'sscanf': This function or variable may be unsafe. Consider using sscanf_s instead. To disable deprecation, use _CRT_SECURE_NO_WARNINGS. See online help for details.
  c:\program files (x86)\windows kits\10\include\10.0.10240.0\ucrt\stdio.h(2254): note: 参见“sscanf”的声明
e:\seafile\database\src\findtaxi.cpp(2418): warning C4244: “=”: 从“double”转换到“__int64”，可能丢失数据
c:\program files (x86)\microsoft visual studio\2017\community\vc\tools\msvc\14.15.26726\include\utility(239): warning C4244: “初始化”: 从“_Ty”转换到“_Ty1”，可能丢失数据
          with
          [
              _Ty=__int64
          ]
          and
          [
              _Ty1=int
          ]
  e:\seafile\database\src\findtaxi.cpp(1833): note: 参见对正在编译的函数 模板 实例化“std::pair<int,int>::pair<__int64,int,0>(std::pair<__int64,int> &&) noexcept”的引用
  e:\seafile\database\src\findtaxi.cpp(1833): note: 参见对正在编译的函数 模板 实例化“std::pair<int,int>::pair<__int64,int,0>(std::pair<__int64,int> &&) noexcept”的引用
LINK : warning LNK4075: 忽略“/INCREMENTAL”(由于“/OPT:ICF”规范)
LINK : warning LNK4098: 默认库“MSVCRTD”与其他库的使用冲突；请使用 /NODEFAULTLIB:library
metis.lib(error.obj) : warning LNK4099: 未找到 PDB“metis.pdb”(使用“metis.lib(error.obj)”或在“E:\Seafile\database\src\Release\metis.pdb”中寻找)；正在链接对象，如同没有调试信息一样
metis.lib(mcore.obj) : warning LNK4099: 未找到 PDB“metis.pdb”(使用“metis.lib(mcore.obj)”或在“E:\Seafile\database\src\Release\metis.pdb”中寻找)；正在链接对象，如同没有调试信息一样
metis.lib(memory.obj) : warning LNK4099: 未找到 PDB“metis.pdb”(使用“metis.lib(memory.obj)”或在“E:\Seafile\database\src\Release\metis.pdb”中寻找)；正在链接对象，如同没有调试信息一样
metis.lib(random.obj) : warning LNK4099: 未找到 PDB“metis.pdb”(使用“metis.lib(random.obj)”或在“E:\Seafile\database\src\Release\metis.pdb”中寻找)；正在链接对象，如同没有调试信息一样
metis.lib(timers.obj) : warning LNK4099: 未找到 PDB“metis.pdb”(使用“metis.lib(timers.obj)”或在“E:\Seafile\database\src\Release\metis.pdb”中寻找)；正在链接对象，如同没有调试信息一样
metis.lib(auxapi.obj) : warning LNK4099: 未找到 PDB“metis.pdb”(使用“metis.lib(auxapi.obj)”或在“E:\Seafile\database\src\Release\metis.pdb”中寻找)；正在链接对象，如同没有调试信息一样
metis.lib(balance.obj) : warning LNK4099: 未找到 PDB“metis.pdb”(使用“metis.lib(balance.obj)”或在“E:\Seafile\database\src\Release\metis.pdb”中寻找)；正在链接对象，如同没有调试信息一样
metis.lib(bucketsort.obj) : warning LNK4099: 未找到 PDB“metis.pdb”(使用“metis.lib(bucketsort.obj)”或在“E:\Seafile\database\src\Release\metis.pdb”中寻找)；正在链接对象，如同没有调试信息一样
metis.lib(coarsen.obj) : warning LNK4099: 未找到 PDB“metis.pdb”(使用“metis.lib(coarsen.obj)”或在“E:\Seafile\database\src\Release\metis.pdb”中寻找)；正在链接对象，如同没有调试信息一样
metis.lib(contig.obj) : warning LNK4099: 未找到 PDB“metis.pdb”(使用“metis.lib(contig.obj)”或在“E:\Seafile\database\src\Release\metis.pdb”中寻找)；正在链接对象，如同没有调试信息一样
metis.lib(debug.obj) : warning LNK4099: 未找到 PDB“metis.pdb”(使用“metis.lib(debug.obj)”或在“E:\Seafile\database\src\Release\metis.pdb”中寻找)；正在链接对象，如同没有调试信息一样
metis.lib(fm.obj) : warning LNK4099: 未找到 PDB“metis.pdb”(使用“metis.lib(fm.obj)”或在“E:\Seafile\database\src\Release\metis.pdb”中寻找)；正在链接对象，如同没有调试信息一样
metis.lib(fortran.obj) : warning LNK4099: 未找到 PDB“metis.pdb”(使用“metis.lib(fortran.obj)”或在“E:\Seafile\database\src\Release\metis.pdb”中寻找)；正在链接对象，如同没有调试信息一样
metis.lib(gklib.obj) : warning LNK4099: 未找到 PDB“metis.pdb”(使用“metis.lib(gklib.obj)”或在“E:\Seafile\database\src\Release\metis.pdb”中寻找)；正在链接对象，如同没有调试信息一样
metis.lib(initpart.obj) : warning LNK4099: 未找到 PDB“metis.pdb”(使用“metis.lib(initpart.obj)”或在“E:\Seafile\database\src\Release\metis.pdb”中寻找)；正在链接对象，如同没有调试信息一样
metis.lib(kmetis.obj) : warning LNK4099: 未找到 PDB“metis.pdb”(使用“metis.lib(kmetis.obj)”或在“E:\Seafile\database\src\Release\metis.pdb”中寻找)；正在链接对象，如同没有调试信息一样
metis.lib(kwayfm.obj) : warning LNK4099: 未找到 PDB“metis.pdb”(使用“metis.lib(kwayfm.obj)”或在“E:\Seafile\database\src\Release\metis.pdb”中寻找)；正在链接对象，如同没有调试信息一样
metis.lib(kwayrefine.obj) : warning LNK4099: 未找到 PDB“metis.pdb”(使用“metis.lib(kwayrefine.obj)”或在“E:\Seafile\database\src\Release\metis.pdb”中寻找)；正在链接对象，如同没有调试信息一样
metis.lib(mcutil.obj) : warning LNK4099: 未找到 PDB“metis.pdb”(使用“metis.lib(mcutil.obj)”或在“E:\Seafile\database\src\Release\metis.pdb”中寻找)；正在链接对象，如同没有调试信息一样
metis.lib(minconn.obj) : warning LNK4099: 未找到 PDB“metis.pdb”(使用“metis.lib(minconn.obj)”或在“E:\Seafile\database\src\Release\metis.pdb”中寻找)；正在链接对象，如同没有调试信息一样
metis.lib(mincover.obj) : warning LNK4099: 未找到 PDB“metis.pdb”(使用“metis.lib(mincover.obj)”或在“E:\Seafile\database\src\Release\metis.pdb”中寻找)；正在链接对象，如同没有调试信息一样
metis.lib(options.obj) : warning LNK4099: 未找到 PDB“metis.pdb”(使用“metis.lib(options.obj)”或在“E:\Seafile\database\src\Release\metis.pdb”中寻找)；正在链接对象，如同没有调试信息一样
metis.lib(pmetis.obj) : warning LNK4099: 未找到 PDB“metis.pdb”(使用“metis.lib(pmetis.obj)”或在“E:\Seafile\database\src\Release\metis.pdb”中寻找)；正在链接对象，如同没有调试信息一样
metis.lib(refine.obj) : warning LNK4099: 未找到 PDB“metis.pdb”(使用“metis.lib(refine.obj)”或在“E:\Seafile\database\src\Release\metis.pdb”中寻找)；正在链接对象，如同没有调试信息一样
metis.lib(separator.obj) : warning LNK4099: 未找到 PDB“metis.pdb”(使用“metis.lib(separator.obj)”或在“E:\Seafile\database\src\Release\metis.pdb”中寻找)；正在链接对象，如同没有调试信息一样
metis.lib(sfm.obj) : warning LNK4099: 未找到 PDB“metis.pdb”(使用“metis.lib(sfm.obj)”或在“E:\Seafile\database\src\Release\metis.pdb”中寻找)；正在链接对象，如同没有调试信息一样
metis.lib(srefine.obj) : warning LNK4099: 未找到 PDB“metis.pdb”(使用“metis.lib(srefine.obj)”或在“E:\Seafile\database\src\Release\metis.pdb”中寻找)；正在链接对象，如同没有调试信息一样
metis.lib(timing.obj) : warning LNK4099: 未找到 PDB“metis.pdb”(使用“metis.lib(timing.obj)”或在“E:\Seafile\database\src\Release\metis.pdb”中寻找)；正在链接对象，如同没有调试信息一样
metis.lib(wspace.obj) : warning LNK4099: 未找到 PDB“metis.pdb”(使用“metis.lib(wspace.obj)”或在“E:\Seafile\database\src\Release\metis.pdb”中寻找)；正在链接对象，如同没有调试信息一样
metis.lib(util.c.obj) : warning LNK4099: 未找到 PDB“metis.pdb”(使用“metis.lib(util.c.obj)”或在“E:\Seafile\database\src\Release\metis.pdb”中寻找)；正在链接对象，如同没有调试信息一样
metis.lib(graph.c.obj) : warning LNK4099: 未找到 PDB“metis.pdb”(使用“metis.lib(graph.c.obj)”或在“E:\Seafile\database\src\Release\metis.pdb”中寻找)；正在链接对象，如同没有调试信息一样
metis.lib(util.c.obj) : warning LNK4099: 未找到 PDB“metis.pdb”(使用“metis.lib(util.c.obj)”或在“E:\Seafile\database\src\Release\metis.pdb”中寻找)；正在链接对象，如同没有调试信息一样
  database.vcxproj -> E:\Seafile\database\src\Release\database.exe
